<testsuites id="" name="" tests="1" failures="0" skipped="0" errors="0" time="21.72446399999969">
<testsuite name="SureveyEngineer.test.ts" timestamp="2024-05-15T08:25:55.717Z" hostname="chrome" tests="1" failures="0" skipped="0" time="19.698" errors="0">
<testcase name="Surevey Engineer › SurveyEngineer_TaxInfo" classname="SureveyEngineer.test.ts" time="19.698">
<system-out>
<![CDATA[Tony Stark
Name Validation Successfull
https://www.experian.com/employer-services/?conf=17641749

[[ATTACHMENT|..\test-results\SureveyEngineer-Surevey-Engineer-SurveyEngineer-TaxInfo-chrome\test-finished-1.png]]

[[ATTACHMENT|..\test-results\SureveyEngineer-Surevey-Engineer-SurveyEngineer-TaxInfo-chrome\trace.zip]]
]]>
</system-out>
</testcase>
</testsuite>
</testsuites>