<testsuites id="" name="" tests="1" failures="0" skipped="0" errors="0" time="22.345438">
<testsuite name="SureveyEngineer.test.ts" timestamp="2024-05-15T13:31:42.710Z" hostname="chrome" tests="1" failures="0" skipped="0" time="21.077" errors="0">
<testcase name="Surevey Engineer › SurveyEngineer_TaxInfo" classname="SureveyEngineer.test.ts" time="21.077">
<system-out>
<![CDATA[Tony Stark
Name Validation Successfull
https://www.experian.com/employer-services/?conf=17641774
Post Redirection URL Validated Successfully ==>> https://www.experian.com/employer-services/?conf=17641774

[[ATTACHMENT|..\test-results\SureveyEngineer-Surevey-Engineer-SurveyEngineer-TaxInfo-chrome\test-finished-1.png]]

[[ATTACHMENT|..\test-results\SureveyEngineer-Surevey-Engineer-SurveyEngineer-TaxInfo-chrome\trace.zip]]
]]>
</system-out>
</testcase>
</testsuite>
</testsuites>